<?xml version="1.0" encoding="UTF-8"?>
<!-- Generated by org.testng.reporters.JUnitXMLReporter -->
<testsuite ignored="0" hostname="DESKTOP-OB0BV7U" failures="0" tests="3" name="Test" time="56.532" errors="0" timestamp="2022-07-28T18:30:21 IST">
  <testcase classname="TestClass_Maven.Verifyuserlogin" name="VerifyUserLogin" time="19.456"/>
  <testcase classname="TestClass_Maven.VerifyNewAddress" name="VerifyUserCanGoToProfilePage" time="3.282"/>
  <testcase classname="TestClass_Maven.VerifyNewAddress" name="VerifyUserAddress" time="7.761"/>
</testsuite> <!-- Test -->
