<?xml version="1.0" encoding="UTF-8"?>
<!-- Generated by org.testng.reporters.JUnitXMLReporter -->
<testsuite ignored="0" hostname="DESKTOP-OB0BV7U" failures="0" tests="3" name="Test" time="66.4" errors="0" timestamp="2022-07-28T00:35:13 IST">
  <testcase classname="TestClass_Maven.Verifyuserlogin" name="VerifyUserLogin" time="7.24"/>
  <testcase classname="TestClass_Maven.VerifyNewAddress" name="VerifyUserCanGoToProfilePage" time="1.59"/>
  <testcase classname="TestClass_Maven.VerifyNewAddress" name="VerifyUserAddress" time="9.131"/>
</testsuite> <!-- Test -->
