<?xml version="1.0" encoding="UTF-8"?>
<testng-results ignored="0" total="3" passed="3" failed="0" skipped="0">
  <reporter-output>
  </reporter-output>
  <suite started-at="2022-07-28T00:34:07 IST" name="Suite" finished-at="2022-07-28T00:35:13 IST" duration-ms="66400">
    <groups>
    </groups>
    <test started-at="2022-07-28T00:34:07 IST" name="Test" finished-at="2022-07-28T00:35:13 IST" duration-ms="66400">
      <class name="TestClass_Maven.Verifyuserlogin">
        <test-method is-config="true" signature="beforeClass()[pri:0, instance:TestClass_Maven.Verifyuserlogin@35cabb2a]" started-at="2022-07-28T00:34:07 IST" name="beforeClass" finished-at="2022-07-28T00:34:50 IST" duration-ms="43379" status="PASS">
          <reporter-output>
          </reporter-output>
        </test-method> <!-- beforeClass -->
        <test-method is-config="true" signature="beforeMethod()[pri:0, instance:TestClass_Maven.Verifyuserlogin@35cabb2a]" started-at="2022-07-28T00:34:50 IST" name="beforeMethod" finished-at="2022-07-28T00:34:51 IST" duration-ms="402" status="PASS">
          <reporter-output>
          </reporter-output>
        </test-method> <!-- beforeMethod -->
        <test-method signature="VerifyUserLogin()[pri:0, instance:TestClass_Maven.Verifyuserlogin@35cabb2a]" started-at="2022-07-28T00:34:51 IST" name="VerifyUserLogin" finished-at="2022-07-28T00:34:58 IST" duration-ms="7240" status="PASS">
          <reporter-output>
          </reporter-output>
        </test-method> <!-- VerifyUserLogin -->
        <test-method is-config="true" signature="afterMethod(org.testng.ITestResult)[pri:0, instance:TestClass_Maven.Verifyuserlogin@35cabb2a]" started-at="2022-07-28T00:34:58 IST" name="afterMethod" finished-at="2022-07-28T00:34:58 IST" duration-ms="17" status="PASS">
          <params>
            <param index="0">
              <value>
                <![CDATA[[TestResult name=VerifyUserLogin status=SUCCESS method=Verifyuserlogin.VerifyUserLogin()[pri:0, instance:TestClass_Maven.Verifyuserlogin@35cabb2a] output={null}]]]>
              </value>
            </param>
          </params>
          <reporter-output>
          </reporter-output>
        </test-method> <!-- afterMethod -->
        <test-method is-config="true" signature="afterClass()[pri:0, instance:TestClass_Maven.Verifyuserlogin@35cabb2a]" started-at="2022-07-28T00:34:58 IST" name="afterClass" finished-at="2022-07-28T00:35:02 IST" duration-ms="3972" status="PASS">
          <reporter-output>
          </reporter-output>
        </test-method> <!-- afterClass -->
      </class> <!-- TestClass_Maven.Verifyuserlogin -->
      <class name="TestClass_Maven.VerifyNewAddress">
        <test-method is-config="true" signature="beforeClass()[pri:0, instance:TestClass_Maven.VerifyNewAddress@223d2c72]" started-at="2022-07-28T00:35:02 IST" name="beforeClass" finished-at="2022-07-28T00:35:02 IST" duration-ms="1" status="PASS">
          <reporter-output>
          </reporter-output>
        </test-method> <!-- beforeClass -->
        <test-method is-config="true" signature="beforeMethod()[pri:0, instance:TestClass_Maven.VerifyNewAddress@223d2c72]" started-at="2022-07-28T00:35:02 IST" name="beforeMethod" finished-at="2022-07-28T00:35:02 IST" duration-ms="1" status="PASS">
          <reporter-output>
          </reporter-output>
        </test-method> <!-- beforeMethod -->
        <test-method signature="VerifyUserCanGoToProfilePage()[pri:0, instance:TestClass_Maven.VerifyNewAddress@223d2c72]" started-at="2022-07-28T00:35:02 IST" name="VerifyUserCanGoToProfilePage" finished-at="2022-07-28T00:35:04 IST" duration-ms="1590" status="PASS">
          <reporter-output>
          </reporter-output>
        </test-method> <!-- VerifyUserCanGoToProfilePage -->
        <test-method is-config="true" signature="afterMethod(org.testng.ITestResult)[pri:0, instance:TestClass_Maven.VerifyNewAddress@223d2c72]" started-at="2022-07-28T00:35:04 IST" name="afterMethod" finished-at="2022-07-28T00:35:04 IST" duration-ms="1" status="PASS">
          <params>
            <param index="0">
              <value>
                <![CDATA[[TestResult name=VerifyUserCanGoToProfilePage status=SUCCESS method=VerifyNewAddress.VerifyUserCanGoToProfilePage()[pri:0, instance:TestClass_Maven.VerifyNewAddress@223d2c72] output={null}]]]>
              </value>
            </param>
          </params>
          <reporter-output>
          </reporter-output>
        </test-method> <!-- afterMethod -->
        <test-method is-config="true" signature="beforeMethod()[pri:0, instance:TestClass_Maven.VerifyNewAddress@223d2c72]" started-at="2022-07-28T00:35:04 IST" name="beforeMethod" finished-at="2022-07-28T00:35:04 IST" duration-ms="3" status="PASS">
          <reporter-output>
          </reporter-output>
        </test-method> <!-- beforeMethod -->
        <test-method signature="VerifyUserAddress()[pri:1, instance:TestClass_Maven.VerifyNewAddress@223d2c72]" started-at="2022-07-28T00:35:04 IST" name="VerifyUserAddress" finished-at="2022-07-28T00:35:13 IST" duration-ms="9131" status="PASS">
          <reporter-output>
          </reporter-output>
        </test-method> <!-- VerifyUserAddress -->
        <test-method is-config="true" signature="afterMethod(org.testng.ITestResult)[pri:0, instance:TestClass_Maven.VerifyNewAddress@223d2c72]" started-at="2022-07-28T00:35:13 IST" name="afterMethod" finished-at="2022-07-28T00:35:13 IST" duration-ms="0" status="PASS">
          <params>
            <param index="0">
              <value>
                <![CDATA[[TestResult name=VerifyUserAddress status=SUCCESS method=VerifyNewAddress.VerifyUserAddress()[pri:1, instance:TestClass_Maven.VerifyNewAddress@223d2c72] output={null}]]]>
              </value>
            </param>
          </params>
          <reporter-output>
          </reporter-output>
        </test-method> <!-- afterMethod -->
        <test-method is-config="true" signature="afterClass()[pri:0, instance:TestClass_Maven.VerifyNewAddress@223d2c72]" started-at="2022-07-28T00:35:13 IST" name="afterClass" finished-at="2022-07-28T00:35:13 IST" duration-ms="331" status="PASS">
          <reporter-output>
          </reporter-output>
        </test-method> <!-- afterClass -->
      </class> <!-- TestClass_Maven.VerifyNewAddress -->
    </test> <!-- Test -->
  </suite> <!-- Suite -->
</testng-results>
