<?xml version="1.0" encoding="UTF-8"?>
<testng-results ignored="0" total="3" passed="3" failed="0" skipped="0">
  <reporter-output>
  </reporter-output>
  <suite started-at="2022-07-28T18:29:25 IST" name="Suite" finished-at="2022-07-28T18:30:21 IST" duration-ms="56532">
    <groups>
    </groups>
    <test started-at="2022-07-28T18:29:25 IST" name="Test" finished-at="2022-07-28T18:30:21 IST" duration-ms="56532">
      <class name="TestClass_Maven.Verifyuserlogin">
        <test-method is-config="true" signature="beforeClass()[pri:0, instance:TestClass_Maven.Verifyuserlogin@3a93b025]" started-at="2022-07-28T18:29:25 IST" name="beforeClass" finished-at="2022-07-28T18:29:48 IST" duration-ms="23141" status="PASS">
          <reporter-output>
          </reporter-output>
        </test-method> <!-- beforeClass -->
        <test-method is-config="true" signature="beforeMethod()[pri:0, instance:TestClass_Maven.Verifyuserlogin@3a93b025]" started-at="2022-07-28T18:29:48 IST" name="beforeMethod" finished-at="2022-07-28T18:29:48 IST" duration-ms="59" status="PASS">
          <reporter-output>
          </reporter-output>
        </test-method> <!-- beforeMethod -->
        <test-method signature="VerifyUserLogin()[pri:0, instance:TestClass_Maven.Verifyuserlogin@3a93b025]" started-at="2022-07-28T18:29:48 IST" name="VerifyUserLogin" finished-at="2022-07-28T18:30:07 IST" duration-ms="19456" status="PASS">
          <reporter-output>
          </reporter-output>
        </test-method> <!-- VerifyUserLogin -->
        <test-method is-config="true" signature="afterMethod(org.testng.ITestResult)[pri:0, instance:TestClass_Maven.Verifyuserlogin@3a93b025]" started-at="2022-07-28T18:30:07 IST" name="afterMethod" finished-at="2022-07-28T18:30:07 IST" duration-ms="20" status="PASS">
          <params>
            <param index="0">
              <value>
                <![CDATA[[TestResult name=VerifyUserLogin status=SUCCESS method=Verifyuserlogin.VerifyUserLogin()[pri:0, instance:TestClass_Maven.Verifyuserlogin@3a93b025] output={null}]]]>
              </value>
            </param>
          </params>
          <reporter-output>
          </reporter-output>
        </test-method> <!-- afterMethod -->
        <test-method is-config="true" signature="afterClass()[pri:0, instance:TestClass_Maven.Verifyuserlogin@3a93b025]" started-at="2022-07-28T18:30:07 IST" name="afterClass" finished-at="2022-07-28T18:30:10 IST" duration-ms="2357" status="PASS">
          <reporter-output>
          </reporter-output>
        </test-method> <!-- afterClass -->
      </class> <!-- TestClass_Maven.Verifyuserlogin -->
      <class name="TestClass_Maven.VerifyNewAddress">
        <test-method is-config="true" signature="beforeClass()[pri:0, instance:TestClass_Maven.VerifyNewAddress@36902638]" started-at="2022-07-28T18:30:10 IST" name="beforeClass" finished-at="2022-07-28T18:30:10 IST" duration-ms="0" status="PASS">
          <reporter-output>
          </reporter-output>
        </test-method> <!-- beforeClass -->
        <test-method is-config="true" signature="beforeMethod()[pri:0, instance:TestClass_Maven.VerifyNewAddress@36902638]" started-at="2022-07-28T18:30:10 IST" name="beforeMethod" finished-at="2022-07-28T18:30:10 IST" duration-ms="0" status="PASS">
          <reporter-output>
          </reporter-output>
        </test-method> <!-- beforeMethod -->
        <test-method signature="VerifyUserCanGoToProfilePage()[pri:0, instance:TestClass_Maven.VerifyNewAddress@36902638]" started-at="2022-07-28T18:30:10 IST" name="VerifyUserCanGoToProfilePage" finished-at="2022-07-28T18:30:13 IST" duration-ms="3282" status="PASS">
          <reporter-output>
          </reporter-output>
        </test-method> <!-- VerifyUserCanGoToProfilePage -->
        <test-method is-config="true" signature="afterMethod(org.testng.ITestResult)[pri:0, instance:TestClass_Maven.VerifyNewAddress@36902638]" started-at="2022-07-28T18:30:13 IST" name="afterMethod" finished-at="2022-07-28T18:30:13 IST" duration-ms="0" status="PASS">
          <params>
            <param index="0">
              <value>
                <![CDATA[[TestResult name=VerifyUserCanGoToProfilePage status=SUCCESS method=VerifyNewAddress.VerifyUserCanGoToProfilePage()[pri:0, instance:TestClass_Maven.VerifyNewAddress@36902638] output={null}]]]>
              </value>
            </param>
          </params>
          <reporter-output>
          </reporter-output>
        </test-method> <!-- afterMethod -->
        <test-method is-config="true" signature="beforeMethod()[pri:0, instance:TestClass_Maven.VerifyNewAddress@36902638]" started-at="2022-07-28T18:30:13 IST" name="beforeMethod" finished-at="2022-07-28T18:30:13 IST" duration-ms="2" status="PASS">
          <reporter-output>
          </reporter-output>
        </test-method> <!-- beforeMethod -->
        <test-method signature="VerifyUserAddress()[pri:1, instance:TestClass_Maven.VerifyNewAddress@36902638]" started-at="2022-07-28T18:30:13 IST" name="VerifyUserAddress" finished-at="2022-07-28T18:30:21 IST" duration-ms="7761" status="PASS">
          <reporter-output>
          </reporter-output>
        </test-method> <!-- VerifyUserAddress -->
        <test-method is-config="true" signature="afterMethod(org.testng.ITestResult)[pri:0, instance:TestClass_Maven.VerifyNewAddress@36902638]" started-at="2022-07-28T18:30:21 IST" name="afterMethod" finished-at="2022-07-28T18:30:21 IST" duration-ms="0" status="PASS">
          <params>
            <param index="0">
              <value>
                <![CDATA[[TestResult name=VerifyUserAddress status=SUCCESS method=VerifyNewAddress.VerifyUserAddress()[pri:1, instance:TestClass_Maven.VerifyNewAddress@36902638] output={null}]]]>
              </value>
            </param>
          </params>
          <reporter-output>
          </reporter-output>
        </test-method> <!-- afterMethod -->
        <test-method is-config="true" signature="afterClass()[pri:0, instance:TestClass_Maven.VerifyNewAddress@36902638]" started-at="2022-07-28T18:30:21 IST" name="afterClass" finished-at="2022-07-28T18:30:21 IST" duration-ms="357" status="PASS">
          <reporter-output>
          </reporter-output>
        </test-method> <!-- afterClass -->
      </class> <!-- TestClass_Maven.VerifyNewAddress -->
    </test> <!-- Test -->
  </suite> <!-- Suite -->
</testng-results>
